{
  "stats": {
    "suites": 1,
    "tests": 2,
    "passes": 2,
    "pending": 0,
    "failures": 0,
    "start": "2021-12-04T16:30:36.235Z",
    "end": "2021-12-04T16:30:39.164Z",
    "duration": 2929,
    "testsRegistered": 2,
    "passPercent": 100,
    "pendingPercent": 0,
    "other": 0,
    "hasOther": false,
    "skipped": 0,
    "hasSkipped": false
  },
  "results": [
    {
      "uuid": "32bf707b-b3e4-4657-96ee-c1436dd159e4",
      "title": "",
      "fullFile": "cypress/integration/listagem.spec.js",
      "file": "cypress/integration/listagem.spec.js",
      "beforeHooks": [],
      "afterHooks": [],
      "tests": [],
      "suites": [
        {
          "uuid": "13d01c41-835e-4470-8e5d-22daa7d0ba03",
          "title": "Listagem",
          "fullFile": "",
          "file": "",
          "beforeHooks": [],
          "afterHooks": [],
          "tests": [
            {
              "title": "Quando não houver cadastros, então a lista deve estar vazia",
              "fullTitle": "Listagem Quando não houver cadastros, então a lista deve estar vazia",
              "timedOut": null,
              "duration": 804,
              "state": "passed",
              "speed": "fast",
              "pass": true,
              "fail": false,
              "pending": false,
              "context": null,
              "code": "cy.fixture('listagem-vazia').then(data => {\n  window.localStorage.setItem('data', JSON.stringify(data));\n});\ncy.visit('https://form-agilizei.netlify.app/listagem.html');\ncy.get('table tbody tr').should('have.length', 0);",
              "err": {},
              "uuid": "0815f6f6-dbe0-4a2e-8c85-25a09fd1a801",
              "parentUUID": "13d01c41-835e-4470-8e5d-22daa7d0ba03",
              "isHook": false,
              "skipped": false
            },
            {
              "title": "Quando houver um ou mais cadastros, então a listagem deve exibir cada registro",
              "fullTitle": "Listagem Quando houver um ou mais cadastros, então a listagem deve exibir cada registro",
              "timedOut": null,
              "duration": 454,
              "state": "passed",
              "speed": "fast",
              "pass": true,
              "fail": false,
              "pending": false,
              "context": null,
              "code": "cy.fixture('listagem-com-itens').then(data => {\n  window.localStorage.setItem('data', JSON.stringify(data));\n});\ncy.visit('https://form-agilizei.netlify.app/listagem.html');\ncy.get('table tbody tr').should('have.length', 2);",
              "err": {},
              "uuid": "fe567900-ff6f-4556-8cf7-d65e4d7574ca",
              "parentUUID": "13d01c41-835e-4470-8e5d-22daa7d0ba03",
              "isHook": false,
              "skipped": false
            }
          ],
          "suites": [],
          "passes": [
            "0815f6f6-dbe0-4a2e-8c85-25a09fd1a801",
            "fe567900-ff6f-4556-8cf7-d65e4d7574ca"
          ],
          "failures": [],
          "pending": [],
          "skipped": [],
          "duration": 1258,
          "root": false,
          "rootEmpty": false,
          "_timeout": 2000
        }
      ],
      "passes": [],
      "failures": [],
      "pending": [],
      "skipped": [],
      "duration": 0,
      "root": true,
      "rootEmpty": true,
      "_timeout": 2000
    }
  ],
  "meta": {
    "mocha": {
      "version": "7.0.1"
    },
    "mochawesome": {
      "options": {
        "quiet": true,
        "reportFilename": "mochawesome",
        "saveHtml": false,
        "saveJson": true,
        "consoleReporter": "spec",
        "useInlineDiffs": false,
        "code": true
      },
      "version": "7.0.1"
    },
    "marge": {
      "options": {
        "id": "default",
        "reportDir": "mochawesome-report",
        "quiet": true,
        "overwrite": false,
        "html": false,
        "json": true
      },
      "version": "6.0.1"
    }
  }
}